TN:
SF:src\modules\appointments\services\CreateAppointmentService.ts
FN:13,(anonymous_18)
FN:14,CreateAppointmentService
FN:19,(anonymous_20)
FNF:3
FNH:3
FNDA:1,(anonymous_18)
FNDA:2,CreateAppointmentService
FNDA:3,(anonymous_20)
DA:1,1
DA:3,1
DA:4,1
DA:13,1
DA:16,2
DA:19,1
DA:20,3
DA:22,3
DA:25,3
DA:26,1
DA:28,2
DA:33,1
DA:35,1
LF:13
LH:13
BRDA:28,0,0,2
BRDA:25,1,0,1
BRDA:25,1,1,2
BRF:3
BRH:3
end_of_record
TN:
SF:src\modules\users\services\AuthenticateUserService.ts
FN:20,(anonymous_18)
FN:21,AuthenticateUserService
FN:26,(anonymous_20)
FNF:3
FNH:3
FNDA:1,(anonymous_18)
FNDA:3,AuthenticateUserService
FNDA:3,(anonymous_20)
DA:1,1
DA:3,1
DA:4,1
DA:5,1
DA:20,1
DA:22,3
DA:23,3
DA:26,1
DA:27,3
DA:28,3
DA:29,3
DA:30,1
DA:32,2
DA:36,2
DA:37,1
DA:39,1
DA:40,1
DA:45,1
DA:50,1
DA:52,1
LF:20
LH:20
BRDA:29,0,0,1
BRDA:29,0,1,2
BRDA:36,1,0,1
BRDA:36,1,1,1
BRF:4
BRH:4
end_of_record
TN:
SF:src\modules\users\services\CreateUserService.ts
FN:14,(anonymous_18)
FN:15,CreateUserService
FN:20,(anonymous_20)
FNF:3
FNH:3
FNDA:2,(anonymous_18)
FNDA:4,CreateUserService
FNDA:5,(anonymous_20)
DA:2,2
DA:3,2
DA:14,2
DA:16,4
DA:17,4
DA:20,2
DA:21,5
DA:23,5
DA:24,5
DA:25,1
DA:28,4
DA:29,4
DA:34,4
DA:36,2
DA:38,2
LF:15
LH:15
BRDA:24,0,0,1
BRDA:24,0,1,4
BRF:2
BRH:2
end_of_record
TN:
SF:src\modules\users\services\ResetPasswordService.ts
FN:14,(anonymous_18)
FN:15,ResetPasswordService
FN:23,(anonymous_20)
FNF:3
FNH:3
FNDA:1,(anonymous_18)
FNDA:4,ResetPasswordService
FNDA:4,(anonymous_20)
DA:1,1
DA:3,1
DA:14,1
DA:16,4
DA:18,4
DA:20,4
DA:23,1
DA:24,4
DA:25,4
DA:26,1
DA:28,3
DA:29,3
DA:30,1
DA:40,2
DA:41,4
DA:43,1
LF:16
LH:16
BRDA:24,0,0,4
BRDA:25,1,0,1
BRDA:25,1,1,3
BRDA:29,2,0,1
BRDA:29,2,1,2
BRF:5
BRH:5
end_of_record
TN:
SF:src\modules\users\services\SendForgotPasswordEmailService.ts
FN:14,(anonymous_18)
FN:15,SendForgotPasswordEmailService
FN:22,(anonymous_20)
FNF:3
FNH:3
FNDA:1,(anonymous_18)
FNDA:3,SendForgotPasswordEmailService
FNDA:3,(anonymous_20)
DA:1,1
DA:2,1
DA:4,1
DA:7,1
DA:14,1
DA:16,3
DA:18,3
DA:19,3
DA:22,1
DA:23,3
DA:24,3
DA:25,3
DA:26,1
DA:29,2
DA:30,4
DA:46,1
LF:16
LH:16
BRDA:25,0,0,1
BRDA:25,0,1,2
BRF:2
BRH:2
end_of_record
TN:
SF:src\modules\users\services\UpdateUserAvatarService.ts
FN:12,(anonymous_18)
FN:13,UpdateUserAvatarServvice
FN:19,(anonymous_20)
FNF:3
FNH:3
FNDA:1,(anonymous_18)
FNDA:3,UpdateUserAvatarServvice
FNDA:4,(anonymous_20)
DA:2,1
DA:3,1
DA:12,1
DA:14,3
DA:16,3
DA:19,1
DA:20,4
DA:21,4
DA:22,1
DA:25,5
DA:26,2
DA:29,3
DA:32,3
DA:33,6
DA:34,3
DA:36,1
DA:38,1
LF:17
LH:17
BRDA:20,0,0,4
BRDA:20,0,1,3
BRDA:21,1,0,1
BRDA:21,1,1,3
BRDA:25,2,0,2
BRDA:25,2,1,1
BRF:6
BRH:6
end_of_record
